[debug] [2025-02-22T11:48:15.059Z] ----------------------------------------------------------------------
[debug] [2025-02-22T11:48:15.065Z] Command:       D:\node js\node.exe C:\Users\admin\AppData\Roaming\npm\node_modules\firebase-tools\lib\bin\firebase.js init
[debug] [2025-02-22T11:48:15.066Z] CLI Version:   13.31.2
[debug] [2025-02-22T11:48:15.067Z] Platform:      win32
[debug] [2025-02-22T11:48:15.067Z] Node Version:  v22.14.0
[debug] [2025-02-22T11:48:15.068Z] Time:          Sat Feb 22 2025 17:18:15 GMT+0530 (India Standard Time)
[debug] [2025-02-22T11:48:15.068Z] ----------------------------------------------------------------------
[debug] 
[debug] [2025-02-22T11:48:15.081Z] > command requires scopes: ["email","openid","https://www.googleapis.com/auth/cloudplatformprojects.readonly","https://www.googleapis.com/auth/firebase","https://www.googleapis.com/auth/cloud-platform"]
[debug] [2025-02-22T11:48:15.082Z] > authorizing via signed-in user (gangadharandharan148@gmail.com)
[info] 
     ######## #### ########  ######## ########     ###     ######  ########
     ##        ##  ##     ## ##       ##     ##  ##   ##  ##       ##
     ######    ##  ########  ######   ########  #########  ######  ######
     ##        ##  ##    ##  ##       ##     ## ##     ##       ## ##
     ##       #### ##     ## ######## ########  ##     ##  ######  ########

You're about to initialize a Firebase project in this directory:

  C:\Users\admin\Downloads\final_website_package

[info] 
=== Project Setup
[info] 
[info] First, let's associate this project directory with a Firebase project.
[info] You can create multiple project aliases by running firebase use --add, 
[info] but for now we'll just set up a default project.
[info] 
[debug] [2025-02-22T11:48:48.884Z] Checked if tokens are valid: true, expires at: 1740228135299
[debug] [2025-02-22T11:48:48.885Z] Checked if tokens are valid: true, expires at: 1740228135299
[debug] [2025-02-22T11:48:48.887Z] >>> [apiv2][query] GET https://firebase.googleapis.com/v1beta1/projects pageSize=100
[debug] [2025-02-22T11:48:50.417Z] <<< [apiv2][status] GET https://firebase.googleapis.com/v1beta1/projects 200
[debug] [2025-02-22T11:48:50.418Z] <<< [apiv2][body] GET https://firebase.googleapis.com/v1beta1/projects [omitted]
[info] i  Using project skill-it-739a5 (SKILL-IT) 
[info] 
=== Hosting Setup
[debug] [2025-02-22T11:48:58.898Z] Checked if tokens are valid: true, expires at: 1740228135299
[debug] [2025-02-22T11:48:58.898Z] Checked if tokens are valid: true, expires at: 1740228135299
[debug] [2025-02-22T11:48:58.898Z] >>> [apiv2][query] GET https://firebase.googleapis.com/v1beta1/projects/skill-it-739a5 [none]
[debug] [2025-02-22T11:48:59.622Z] <<< [apiv2][status] GET https://firebase.googleapis.com/v1beta1/projects/skill-it-739a5 200
[debug] [2025-02-22T11:48:59.623Z] <<< [apiv2][body] GET https://firebase.googleapis.com/v1beta1/projects/skill-it-739a5 {"projectId":"skill-it-739a5","projectNumber":"382296004181","displayName":"SKILL-IT","name":"projects/skill-it-739a5","resources":{"hostingSite":"skill-it-739a5"},"state":"ACTIVE","etag":"1_ee1430f8-af2a-4213-a06c-e7e2fd689031"}
[info] 
[info] Your public directory is the folder (relative to your project directory) that
[info] will contain Hosting assets to be uploaded with firebase deploy. If you
[info] have a build process for your assets, use your build's output directory.
[info] 
[debug] [2025-02-22T11:49:07.182Z] >>> [apiv2][query] GET https://www.gstatic.com/firebasejs/releases.json [none]
[debug] [2025-02-22T11:49:07.538Z] <<< [apiv2][status] GET https://www.gstatic.com/firebasejs/releases.json 200
[debug] [2025-02-22T11:49:07.539Z] <<< [apiv2][body] GET https://www.gstatic.com/firebasejs/releases.json {"current":{"version":"11.3.1","browserURL":"https://www.gstatic.com/firebasejs/11.3.1/firebase.js","packageURL":"https://www.gstatic.com/firebasejs/11.3.1/firebase.tgz"},"live":{"version":"11.3","browserURL":"https://www.gstatic.com/firebasejs/live/11.3/firebase.js","packageURL":"https://www.gstatic.com/firebasejs/live/11.3/firebase.tgz"},"components":{"analytics":"https://www.gstatic.com/firebasejs/11.3.1/firebase-analytics.js","app":"https://www.gstatic.com/firebasejs/11.3.1/firebase-app.js","app-check":"https://www.gstatic.com/firebasejs/11.3.1/firebase-app-check.js","auth":"https://www.gstatic.com/firebasejs/11.3.1/firebase-auth.js","auth/cordova":"https://www.gstatic.com/firebasejs/11.3.1/firebase-auth/cordova.js","auth/web-extension":"https://www.gstatic.com/firebasejs/11.3.1/firebase-auth/web-extension.js","functions":"https://www.gstatic.com/firebasejs/11.3.1/firebase-functions.js","firestore":"https://www.gstatic.com/firebasejs/11.3.1/firebase-firestore.js","firestore/lite":"https://www.gstatic.com/firebasejs/11.3.1/firebase-firestore/lite.js","installations":"https://www.gstatic.com/firebasejs/11.3.1/firebase-installations.js","storage":"https://www.gstatic.com/firebasejs/11.3.1/firebase-storage.js","performance":"https://www.gstatic.com/firebasejs/11.3.1/firebase-performance.js","remote-config":"https://www.gstatic.com/firebasejs/11.3.1/firebase-remote-config.js","messaging":"https://www.gstatic.com/firebasejs/11.3.1/firebase-messaging.js","messaging/sw":"https://www.gstatic.com/firebasejs/11.3.1/firebase-messaging/sw.js","database":"https://www.gstatic.com/firebasejs/11.3.1/firebase-database.js","vertexai":"https://www.gstatic.com/firebasejs/11.3.1/firebase-vertexai.js","data-connect":"https://www.gstatic.com/firebasejs/11.3.1/firebase-data-connect.js","firestore.memory":"https://www.gstatic.com/firebasejs/11.3.1/firebase-firestore.memory.js"}}
[info] +  Wrote y/index.html 
[info] 
[info] i  Didn't detect a .git folder. Assuming C:\Users\admin\Downloads\final_website_package is the project root. 
[info] i  Authorizing with GitHub to upload your service account to a GitHub repository's secrets store. 
[info] 
[info] Visit this URL on this device to log in:
[info] https://github.com/login/oauth/authorize?client_id=89cf50f02ac6aaed3484&state=24356148&redirect_uri=http%3A%2F%2Flocalhost%3A9005&scope=read%3Auser%20repo%20public_repo
[info] 
[info] Waiting for authentication...
[debug] [2025-02-22T11:49:09.026Z] >>> [apiv2][query] POST https://github.com/login/oauth/access_token [none]
[debug] [2025-02-22T11:49:09.027Z] >>> [apiv2][body] POST https://github.com/login/oauth/access_token [stream]
[debug] [2025-02-22T11:49:09.565Z] <<< [apiv2][status] POST https://github.com/login/oauth/access_token 200
[debug] [2025-02-22T11:49:09.565Z] <<< [apiv2][body] POST https://github.com/login/oauth/access_token {"access_token":"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","token_type":"bearer","scope":"read:user,repo"}
[debug] [2025-02-22T11:49:09.586Z] >>> [apiv2][query] GET https://api.github.com/user [none]
[debug] [2025-02-22T11:49:10.186Z] <<< [apiv2][status] GET https://api.github.com/user 200
[debug] [2025-02-22T11:49:10.187Z] <<< [apiv2][body] GET https://api.github.com/user {"login":"gangadharan007","id":124540184,"node_id":"U_kgDOB2xVGA","avatar_url":"https://avatars.githubusercontent.com/u/124540184?v=4","gravatar_id":"","url":"https://api.github.com/users/gangadharan007","html_url":"https://github.com/gangadharan007","followers_url":"https://api.github.com/users/gangadharan007/followers","following_url":"https://api.github.com/users/gangadharan007/following{/other_user}","gists_url":"https://api.github.com/users/gangadharan007/gists{/gist_id}","starred_url":"https://api.github.com/users/gangadharan007/starred{/owner}{/repo}","subscriptions_url":"https://api.github.com/users/gangadharan007/subscriptions","organizations_url":"https://api.github.com/users/gangadharan007/orgs","repos_url":"https://api.github.com/users/gangadharan007/repos","events_url":"https://api.github.com/users/gangadharan007/events{/privacy}","received_events_url":"https://api.github.com/users/gangadharan007/received_events","type":"User","user_view_type":"private","site_admin":false,"name":null,"company":null,"blog":"","location":null,"email":null,"hireable":null,"bio":null,"twitter_username":null,"notification_email":null,"public_repos":4,"public_gists":0,"followers":0,"following":0,"created_at":"2023-02-06T01:16:20Z","updated_at":"2025-02-18T05:28:32Z","private_gists":0,"total_private_repos":0,"owned_private_repos":0,"disk_usage":2493,"collaborators":0,"two_factor_authentication":false,"plan":{"name":"free","space":976562499,"collaborators":0,"private_repos":10000}}
[info] 
[info] +  Success! Logged into GitHub as gangadharan007 
[info] 
